/root/doxy/ExperimentalRoboticsLab-Assignment-1/robocluedo/docs/examples/example_armor_cluedo_1.cpp:11: warning: included file ArmorCluedo is not found. Check your EXAMPLE_PATH
/root/doxy/ExperimentalRoboticsLab-Assignment-1/robocluedo/docs/examples/example_armor_cluedo_2.cpp:11: warning: included file ArmorCluedo is not found. Check your EXAMPLE_PATH
/root/doxy/ExperimentalRoboticsLab-Assignment-1/robocluedo/docs/examples/example_armor_cluedo_3.cpp:11: warning: included file ArmorCluedo is not found. Check your EXAMPLE_PATH
/root/doxy/ExperimentalRoboticsLab-Assignment-1/robocluedo/docs/examples/example_armor_tools_1.cpp:21: warning: included file ArmorTools is not found. Check your EXAMPLE_PATH
/root/doxy/ExperimentalRoboticsLab-Assignment-1/robocluedo/docs/examples/example_armor_tools_2.cpp:12: warning: included file ArmorTools is not found. Check your EXAMPLE_PATH
/root/doxy/ExperimentalRoboticsLab-Assignment-1/robocluedo/src/cluedo_oracle.cpp:251: warning: argument 'mysterySolved' of command @param is not found in the argument list of checkSolutionCallback(robocluedo_msgs::CheckSolution::Request &hyp, robocluedo_msgs::CheckSolution::Response &misterySolved)
/root/doxy/ExperimentalRoboticsLab-Assignment-1/robocluedo/src/cluedo_oracle.cpp:264: warning: The following parameter of checkSolutionCallback(robocluedo_msgs::CheckSolution::Request &hyp, robocluedo_msgs::CheckSolution::Response &misterySolved) is not documented:
  parameter 'misterySolved'
/root/doxy/ExperimentalRoboticsLab-Assignment-1/robocluedo/src/cluedo_oracle.cpp:293: warning: unable to resolve reference to 'MAX_SIZE_HINTS' for \ref command
/root/doxy/ExperimentalRoboticsLab-Assignment-1/robocluedo/src/cluedo_oracle.cpp:284: warning: argument 'list_whatthe' of command @param is not found in the argument list of generateMystery(std::vector< std::string > list_who, std::vector< std::string > list_where, std::vector< std::string > list_what, int tot_hints)
/root/doxy/ExperimentalRoboticsLab-Assignment-1/robocluedo/src/cluedo_oracle.cpp:314: warning: The following parameter of generateMystery(std::vector< std::string > list_who, std::vector< std::string > list_where, std::vector< std::string > list_what, int tot_hints) is not documented:
  parameter 'list_what'
/root/doxy/ExperimentalRoboticsLab-Assignment-1/robocluedo/src/cluedo_oracle.cpp:251: warning: argument 'mysterySolved' of command @param is not found in the argument list of checkSolutionCallback(robocluedo_msgs::CheckSolution::Request &hyp, robocluedo_msgs::CheckSolution::Response &misterySolved)
/root/doxy/ExperimentalRoboticsLab-Assignment-1/robocluedo/src/cluedo_oracle.cpp:264: warning: The following parameter of checkSolutionCallback(robocluedo_msgs::CheckSolution::Request &hyp, robocluedo_msgs::CheckSolution::Response &misterySolved) is not documented:
  parameter 'misterySolved'
/root/doxy/ExperimentalRoboticsLab-Assignment-1/robocluedo/src/cluedo_oracle.cpp:293: warning: unable to resolve reference to 'MAX_SIZE_HINTS' for \ref command
/root/doxy/ExperimentalRoboticsLab-Assignment-1/robocluedo/src/cluedo_oracle.cpp:284: warning: argument 'list_whatthe' of command @param is not found in the argument list of generateMystery(std::vector< std::string > list_who, std::vector< std::string > list_where, std::vector< std::string > list_what, int tot_hints)
/root/doxy/ExperimentalRoboticsLab-Assignment-1/robocluedo/src/cluedo_oracle.cpp:314: warning: The following parameter of generateMystery(std::vector< std::string > list_who, std::vector< std::string > list_where, std::vector< std::string > list_what, int tot_hints) is not documented:
  parameter 'list_what'
/root/doxy/ExperimentalRoboticsLab-Assignment-1/robocluedo/include/armor_tools/armor_cluedo.h:311: warning: argument 'itemList' of command @param is not found in the argument list of ArmorCluedo::FilterVector(std::vector< std::string > &itemlist)
/root/doxy/ExperimentalRoboticsLab-Assignment-1/robocluedo/include/armor_tools/armor_cluedo.h:322: warning: The following parameter of ArmorCluedo::FilterVector(std::vector< std::string > &itemlist) is not documented:
  parameter 'itemlist'
/root/doxy/ExperimentalRoboticsLab-Assignment-1/robocluedo/include/armor_tools/armor_cluedo.h:311: warning: argument 'itemList' of command @param is not found in the argument list of ArmorCluedo::FilterVector(std::vector< std::string > &itemlist)
/root/doxy/ExperimentalRoboticsLab-Assignment-1/robocluedo/include/armor_tools/armor_cluedo.h:322: warning: The following parameter of ArmorCluedo::FilterVector(std::vector< std::string > &itemlist) is not documented:
  parameter 'itemlist'
/root/doxy/ExperimentalRoboticsLab-Assignment-1/robocluedo/include/armor_tools/armor_tools.h:132: warning: argument 'arg' of command @param is not found in the argument list of ArmorTools::GetRequest(std::string command, std::string first_spec="", std::string second_spec="", std::string arg1="", std::string arg2="", std::string arg3="", std::string arg4="", std::string arg5="")
/root/doxy/ExperimentalRoboticsLab-Assignment-1/robocluedo/include/armor_tools/armor_tools.h:148: warning: The following parameters of ArmorTools::GetRequest(std::string command, std::string first_spec="", std::string second_spec="", std::string arg1="", std::string arg2="", std::string arg3="", std::string arg4="", std::string arg5="") are not documented:
  parameter 'arg1'
  parameter 'arg2'
  parameter 'arg3'
  parameter 'arg4'
  parameter 'arg5'
/root/doxy/ExperimentalRoboticsLab-Assignment-1/robocluedo/include/armor_tools/armor_tools.h:180: warning: argument 'bufferend_reasoner' of command @param is not found in the argument list of ArmorTools::LoadOntology(std::string path, std::string uri=ARMOR_DEFAULT_URI, bool manipulationFlag=true, std::string reasoner=ARMOR_DEFAULT_REASONER, bool buffered_reasoner=true)
/root/doxy/ExperimentalRoboticsLab-Assignment-1/robocluedo/include/armor_tools/armor_tools.h:201: warning: The following parameter of ArmorTools::LoadOntology(std::string path, std::string uri=ARMOR_DEFAULT_URI, bool manipulationFlag=true, std::string reasoner=ARMOR_DEFAULT_REASONER, bool buffered_reasoner=true) is not documented:
  parameter 'buffered_reasoner'
/root/doxy/ExperimentalRoboticsLab-Assignment-1/robocluedo/include/armor_tools/armor_tools.h:375: warning: argument 'arg' of command @param is not found in the argument list of ArmorTools::SendCommand(std::string command, std::string first_spec="", std::string second_spec="", std::string arg1="", std::string arg2="", std::string arg3="", std::string arg4="", std::string arg5="", bool printRequest=false)
/root/doxy/ExperimentalRoboticsLab-Assignment-1/robocluedo/include/armor_tools/armor_tools.h:375: warning: argument 'printResponse' of command @param is not found in the argument list of ArmorTools::SendCommand(std::string command, std::string first_spec="", std::string second_spec="", std::string arg1="", std::string arg2="", std::string arg3="", std::string arg4="", std::string arg5="", bool printRequest=false)
/root/doxy/ExperimentalRoboticsLab-Assignment-1/robocluedo/include/armor_tools/armor_tools.h:389: warning: The following parameters of ArmorTools::SendCommand(std::string command, std::string first_spec="", std::string second_spec="", std::string arg1="", std::string arg2="", std::string arg3="", std::string arg4="", std::string arg5="", bool printRequest=false) are not documented:
  parameter 'arg1'
  parameter 'arg2'
  parameter 'arg3'
  parameter 'arg4'
  parameter 'arg5'
  parameter 'printRequest'
/root/doxy/ExperimentalRoboticsLab-Assignment-1/robocluedo/include/armor_tools/armor_tools.h:132: warning: argument 'arg' of command @param is not found in the argument list of ArmorTools::GetRequest(std::string command, std::string first_spec="", std::string second_spec="", std::string arg1="", std::string arg2="", std::string arg3="", std::string arg4="", std::string arg5="")
/root/doxy/ExperimentalRoboticsLab-Assignment-1/robocluedo/include/armor_tools/armor_tools.h:148: warning: The following parameters of ArmorTools::GetRequest(std::string command, std::string first_spec="", std::string second_spec="", std::string arg1="", std::string arg2="", std::string arg3="", std::string arg4="", std::string arg5="") are not documented:
  parameter 'arg1'
  parameter 'arg2'
  parameter 'arg3'
  parameter 'arg4'
  parameter 'arg5'
/root/doxy/ExperimentalRoboticsLab-Assignment-1/robocluedo/include/armor_tools/armor_tools.h:180: warning: argument 'bufferend_reasoner' of command @param is not found in the argument list of ArmorTools::LoadOntology(std::string path, std::string uri=ARMOR_DEFAULT_URI, bool manipulationFlag=true, std::string reasoner=ARMOR_DEFAULT_REASONER, bool buffered_reasoner=true)
/root/doxy/ExperimentalRoboticsLab-Assignment-1/robocluedo/include/armor_tools/armor_tools.h:201: warning: The following parameter of ArmorTools::LoadOntology(std::string path, std::string uri=ARMOR_DEFAULT_URI, bool manipulationFlag=true, std::string reasoner=ARMOR_DEFAULT_REASONER, bool buffered_reasoner=true) is not documented:
  parameter 'buffered_reasoner'
/root/doxy/ExperimentalRoboticsLab-Assignment-1/robocluedo/include/armor_tools/armor_tools.h:375: warning: argument 'arg' of command @param is not found in the argument list of ArmorTools::SendCommand(std::string command, std::string first_spec="", std::string second_spec="", std::string arg1="", std::string arg2="", std::string arg3="", std::string arg4="", std::string arg5="", bool printRequest=false)
/root/doxy/ExperimentalRoboticsLab-Assignment-1/robocluedo/include/armor_tools/armor_tools.h:375: warning: argument 'printResponse' of command @param is not found in the argument list of ArmorTools::SendCommand(std::string command, std::string first_spec="", std::string second_spec="", std::string arg1="", std::string arg2="", std::string arg3="", std::string arg4="", std::string arg5="", bool printRequest=false)
/root/doxy/ExperimentalRoboticsLab-Assignment-1/robocluedo/include/armor_tools/armor_tools.h:389: warning: The following parameters of ArmorTools::SendCommand(std::string command, std::string first_spec="", std::string second_spec="", std::string arg1="", std::string arg2="", std::string arg3="", std::string arg4="", std::string arg5="", bool printRequest=false) are not documented:
  parameter 'arg1'
  parameter 'arg2'
  parameter 'arg3'
  parameter 'arg4'
  parameter 'arg5'
  parameter 'printRequest'
